{"logLevel":"debug","message":"multithreading is set to false"}
{"logLevel":"debug","message":"Using reflection to scan dependencies for gauge implementations..."}
log4j:WARN No appenders could be found for logger (io.grpc.netty.shaded.io.netty.util.internal.PlatformDependent).
log4j:WARN Please initialize the log4j system properly.
log4j:WARN See http://logging.apache.org/log4j/1.2/faq.html#noconfig for more info.
{"logLevel":"debug","message":"gauge-java took 1050milliseconds to load and scan. This should be less than 'runner_connection_timeout' config value."}
{"logLevel":"debug","message":"run 'gauge config runner_connection_timeout' and verify that it is < 1050"}
{"logLevel":"debug","message":"starting gRPC server..."}
{"logLevel":"debug","message":"started gRPC server on port 53585"}
{"logLevel":"info","message":"Listening on port:53585"}
{"logLevel":"debug","message":"Scanning packages for steps"}
{"logLevel":"debug","message":"Comparing 'StepImplementation.hoverElement' and 'StepImplementation.hoverElement'"}
{"logLevel":"debug","message":"Found {} elementine hover olundu in current project scope."}
{"logLevel":"debug","message":"Comparing 'StepImplementation.assertGiysi' and 'StepImplementation.assertGiysi'"}
{"logLevel":"debug","message":"Found URL'nin {} içerdiği doğrulandı in current project scope."}
{"logLevel":"debug","message":"Comparing 'StepImplementation.navigateTo' and 'StepImplementation.navigateTo'"}
{"logLevel":"debug","message":"Found Navigate to {} in current project scope."}
{"logLevel":"debug","message":"Comparing 'StepImplementation.clickGiysi' and 'StepImplementation.clickGiysi'"}
{"logLevel":"debug","message":"Found {} elemente tıklandı in current project scope."}
{"logLevel":"debug","message":"Comparing 'StepImplementation.checkDiscount' and 'StepImplementation.checkDiscount'"}
{"logLevel":"debug","message":"Found İndirimden elde edilen kar hesaplandı in current project scope."}
{"logLevel":"debug","message":"Scanning packages for hooks"}
{"logLevel":"debug","message":"Scanned steps (using static parsing + reflections): "}
{"logLevel":"debug","message":"\tURL'nin {} içerdiği doğrulandı : public void assertGiysi(String key)"}
{"logLevel":"debug","message":"\t{} elementine hover olundu : public void hoverElement(String key)"}
{"logLevel":"debug","message":"\tİndirimden elde edilen kar hesaplandı : public void checkDiscount() throws IOException"}
{"logLevel":"debug","message":"\tNavigate to {} : public void navigateTo(String url)"}
{"logLevel":"debug","message":"\t{} elemente tıklandı : public void clickGiysi(String key)"}
Starting ChromeDriver 89.0.4389.23 (61b08ee2c50024bab004e48d2b1b083cdbdac579-refs/branch-heads/4389@{#294}) on port 27898
Only local connections are allowed.
Please see https://chromedriver.chromium.org/security-considerations for suggestions on keeping ChromeDriver safe.
ChromeDriver was started successfully.
{"logLevel":"debug","message":"Killing Java runner..."}
{"logLevel":"debug","message":"Stopping execution pool..."}
{"logLevel":"debug","message":"Shutting down grpc server..."}
{"logLevel":"debug","message":"Runner killed gracefully."}
