21-03-2021 15:23:38.091 [Gauge] [INFO] Watching directory: C:\Users\testinium\Desktop\IntellijProje\BeymenGauge\specs
21-03-2021 15:23:38.098 [Gauge] [DEBUG] Found 1 files
21-03-2021 15:23:38.104 [Gauge] [INFO] Initializing concepts cache with 0 concepts
21-03-2021 15:23:38.108 [Gauge] [INFO] Spec file added / modified: C:\Users\testinium\Desktop\IntellijProje\BeymenGauge\specs\example.spec
21-03-2021 15:27:43.856 [Gauge] [INFO] Watching directory: C:\Users\testinium\Desktop\IntellijProje\BeymenGauge\specs
21-03-2021 15:27:43.856 [Gauge] [DEBUG] Found 1 files
21-03-2021 15:27:43.866 [Gauge] [INFO] Initializing concepts cache with 0 concepts
21-03-2021 15:27:43.867 [Gauge] [INFO] Initializing specs cache with 1 specs
21-03-2021 15:27:43.867 [Gauge] [DEBUG] Adding specs from C:\Users\testinium\Desktop\IntellijProje\BeymenGauge\specs\example.spec
21-03-2021 15:27:43.868 [Gauge] [INFO] Initializing steps cache with 1 steps
21-03-2021 15:27:43.868 [Gauge] [INFO] Gauge daemon initialized and listening on port: 56878
21-03-2021 15:27:55.102 [Gauge] [DEBUG] Api Request Received: messageType:GetStepValueRequest messageId:4 stepValueRequest:<stepText:"\"old\" fiyat\304\261 ile \"new\" fiyat\304\261 aras\304\261ndaki fark hesapland\304\261" > 
21-03-2021 15:27:55.102 [Gauge] [DEBUG] Sending API response: messageType:GetStepValueResponse messageId:4 stepValueResponse:<stepValue:<stepValue:"{} fiyat\304\261 ile {} fiyat\304\261 aras\304\261ndaki fark hesapland\304\261" parameterizedStepValue:"<old> fiyat\304\261 ile <new> fiyat\304\261 aras\304\261ndaki fark hesapland\304\261" parameters:"old" parameters:"new" > > 
21-03-2021 15:27:55.103 [Gauge] [DEBUG] Api Request Received: messageType:GetStepValueRequest messageId:4 stepValueRequest:<stepText:"\"old\" fiyat\304\261 ile \"new\" fiyat\304\261 aras\304\261ndaki fark hesapland\304\261" > 
21-03-2021 15:27:55.104 [Gauge] [DEBUG] Sending API response: messageType:GetStepValueResponse messageId:4 stepValueResponse:<stepValue:<stepValue:"{} fiyat\304\261 ile {} fiyat\304\261 aras\304\261ndaki fark hesapland\304\261" parameterizedStepValue:"<old> fiyat\304\261 ile <new> fiyat\304\261 aras\304\261ndaki fark hesapland\304\261" parameters:"old" parameters:"new" > > 
21-03-2021 15:29:03.214 [Gauge] [DEBUG] Api Request Received: messageType:GetStepValueRequest messageId:4 stepValueRequest:<stepText:"Navigate to <url>" > 
21-03-2021 15:29:03.215 [Gauge] [DEBUG] Sending API response: messageType:GetStepValueResponse messageId:4 stepValueResponse:<stepValue:<stepValue:"Navigate to {}" parameterizedStepValue:"Navigate to <url>" parameters:"url" > > 
21-03-2021 15:29:03.215 [Gauge] [DEBUG] Api Request Received: messageType:GetStepValueRequest messageId:4 stepValueRequest:<stepText:"<key> elementine hover olundu" > 
21-03-2021 15:29:03.215 [Gauge] [DEBUG] Sending API response: messageType:GetStepValueResponse messageId:4 stepValueResponse:<stepValue:<stepValue:"{} elementine hover olundu" parameterizedStepValue:"<key> elementine hover olundu" parameters:"key" > > 
21-03-2021 15:29:03.215 [Gauge] [DEBUG] Api Request Received: messageType:GetStepValueRequest messageId:4 stepValueRequest:<stepText:"<key> elemente t\304\261kland\304\261" > 
21-03-2021 15:29:03.215 [Gauge] [DEBUG] Sending API response: messageType:GetStepValueResponse messageId:4 stepValueResponse:<stepValue:<stepValue:"{} elemente t\304\261kland\304\261" parameterizedStepValue:"<key> elemente t\304\261kland\304\261" parameters:"key" > > 
21-03-2021 15:29:03.216 [Gauge] [DEBUG] Api Request Received: messageType:GetStepValueRequest messageId:4 stepValueRequest:<stepText:"URL'nin <key> i\303\247erdi\304\237i do\304\237ruland\304\261" > 
21-03-2021 15:29:03.216 [Gauge] [DEBUG] Sending API response: messageType:GetStepValueResponse messageId:4 stepValueResponse:<stepValue:<stepValue:"URL'nin {} i\303\247erdi\304\237i do\304\237ruland\304\261" parameterizedStepValue:"URL'nin <key> i\303\247erdi\304\237i do\304\237ruland\304\261" parameters:"key" > > 
21-03-2021 15:29:03.216 [Gauge] [DEBUG] Api Request Received: messageType:GetStepValueRequest messageId:4 stepValueRequest:<stepText:"\304\260ndirimli \303\274r\303\274nler listelendi" > 
21-03-2021 15:29:03.216 [Gauge] [DEBUG] Sending API response: messageType:GetStepValueResponse messageId:4 stepValueResponse:<stepValue:<stepValue:"\304\260ndirimli \303\274r\303\274nler listelendi" parameterizedStepValue:"\304\260ndirimli \303\274r\303\274nler listelendi" > > 
21-03-2021 15:29:03.216 [Gauge] [DEBUG] Api Request Received: messageType:GetStepValueRequest messageId:4 stepValueRequest:<stepText:"\304\260lk \304\260ndirimli \303\234r\303\274n Se\303\247ildi" > 
21-03-2021 15:29:03.216 [Gauge] [DEBUG] Sending API response: messageType:GetStepValueResponse messageId:4 stepValueResponse:<stepValue:<stepValue:"\304\260lk \304\260ndirimli \303\234r\303\274n Se\303\247ildi" parameterizedStepValue:"\304\260lk \304\260ndirimli \303\234r\303\274n Se\303\247ildi" > > 
21-03-2021 15:29:03.217 [Gauge] [DEBUG] Api Request Received: messageType:GetStepValueRequest messageId:4 stepValueRequest:<stepText:"<key1> fiyat\304\261 ile <key2> fiyat\304\261 aras\304\261ndaki fark hesapland\304\261" > 
21-03-2021 15:29:03.217 [Gauge] [DEBUG] Sending API response: messageType:GetStepValueResponse messageId:4 stepValueResponse:<stepValue:<stepValue:"{} fiyat\304\261 ile {} fiyat\304\261 aras\304\261ndaki fark hesapland\304\261" parameterizedStepValue:"<key1> fiyat\304\261 ile <key2> fiyat\304\261 aras\304\261ndaki fark hesapland\304\261" parameters:"key1" parameters:"key2" > > 
21-03-2021 15:29:03.481 [Gauge] [DEBUG] Api Request Received: messageType:GetStepValueRequest messageId:4 stepValueRequest:<stepText:"Navigate to \"https://www.beymen.com\"" > 
21-03-2021 15:29:03.481 [Gauge] [DEBUG] Sending API response: messageType:GetStepValueResponse messageId:4 stepValueResponse:<stepValue:<stepValue:"Navigate to {}" parameterizedStepValue:"Navigate to <https://www.beymen.com>" parameters:"https://www.beymen.com" > > 
21-03-2021 15:29:03.514 [Gauge] [DEBUG] Api Request Received: messageType:GetStepValueRequest messageId:4 stepValueRequest:<stepText:"\"KADIN\" elementine hover olundu" > 
21-03-2021 15:29:03.514 [Gauge] [DEBUG] Sending API response: messageType:GetStepValueResponse messageId:4 stepValueResponse:<stepValue:<stepValue:"{} elementine hover olundu" parameterizedStepValue:"<KADIN> elementine hover olundu" parameters:"KADIN" > > 
21-03-2021 15:29:03.517 [Gauge] [DEBUG] Api Request Received: messageType:GetStepValueRequest messageId:4 stepValueRequest:<stepText:"\"G\304\260Y\304\260M\" elemente t\304\261kland\304\261" > 
21-03-2021 15:29:03.517 [Gauge] [DEBUG] Sending API response: messageType:GetStepValueResponse messageId:4 stepValueResponse:<stepValue:<stepValue:"{} elemente t\304\261kland\304\261" parameterizedStepValue:"<G\304\260Y\304\260M> elemente t\304\261kland\304\261" parameters:"G\304\260Y\304\260M" > > 
21-03-2021 15:29:03.519 [Gauge] [DEBUG] Api Request Received: messageType:GetStepValueRequest messageId:4 stepValueRequest:<stepText:"URL'nin \"kadin-giyim\" i\303\247erdi\304\237i do\304\237ruland\304\261" > 
21-03-2021 15:29:03.519 [Gauge] [DEBUG] Sending API response: messageType:GetStepValueResponse messageId:4 stepValueResponse:<stepValue:<stepValue:"URL'nin {} i\303\247erdi\304\237i do\304\237ruland\304\261" parameterizedStepValue:"URL'nin <kadin-giyim> i\303\247erdi\304\237i do\304\237ruland\304\261" parameters:"kadin-giyim" > > 
21-03-2021 16:02:38.462 [Gauge] [INFO] Watching directory: C:\Users\testinium\Desktop\IntellijProje\BeymenGauge\specs
21-03-2021 16:02:38.466 [Gauge] [DEBUG] Found 1 files
21-03-2021 16:02:38.469 [Gauge] [INFO] Initializing concepts cache with 0 concepts
21-03-2021 16:02:38.473 [Gauge] [INFO] Initializing specs cache with 1 specs
21-03-2021 16:02:38.473 [Gauge] [DEBUG] Adding specs from C:\Users\testinium\Desktop\IntellijProje\BeymenGauge\specs\example.spec
21-03-2021 16:02:38.473 [Gauge] [INFO] Initializing steps cache with 1 steps
21-03-2021 16:02:38.474 [Gauge] [INFO] Gauge daemon initialized and listening on port: 50959
21-03-2021 16:03:00.280 [Gauge] [DEBUG] Api Request Received: messageType:GetStepValueRequest messageId:4 stepValueRequest:<stepText:"Navigate to <url>" > 
21-03-2021 16:03:00.280 [Gauge] [DEBUG] Sending API response: messageType:GetStepValueResponse messageId:4 stepValueResponse:<stepValue:<stepValue:"Navigate to {}" parameterizedStepValue:"Navigate to <url>" parameters:"url" > > 
21-03-2021 16:03:00.645 [Gauge] [DEBUG] Api Request Received: messageType:GetStepValueRequest messageId:4 stepValueRequest:<stepText:"<key> elementine hover olundu" > 
21-03-2021 16:03:00.645 [Gauge] [DEBUG] Sending API response: messageType:GetStepValueResponse messageId:4 stepValueResponse:<stepValue:<stepValue:"{} elementine hover olundu" parameterizedStepValue:"<key> elementine hover olundu" parameters:"key" > > 
21-03-2021 16:03:00.665 [Gauge] [DEBUG] Api Request Received: messageType:GetStepValueRequest messageId:4 stepValueRequest:<stepText:"<key> elemente t\304\261kland\304\261" > 
21-03-2021 16:03:00.665 [Gauge] [DEBUG] Sending API response: messageType:GetStepValueResponse messageId:4 stepValueResponse:<stepValue:<stepValue:"{} elemente t\304\261kland\304\261" parameterizedStepValue:"<key> elemente t\304\261kland\304\261" parameters:"key" > > 
21-03-2021 16:03:00.686 [Gauge] [DEBUG] Api Request Received: messageType:GetStepValueRequest messageId:4 stepValueRequest:<stepText:"URL'nin <key> i\303\247erdi\304\237i do\304\237ruland\304\261" > 
21-03-2021 16:03:00.686 [Gauge] [DEBUG] Sending API response: messageType:GetStepValueResponse messageId:4 stepValueResponse:<stepValue:<stepValue:"URL'nin {} i\303\247erdi\304\237i do\304\237ruland\304\261" parameterizedStepValue:"URL'nin <key> i\303\247erdi\304\237i do\304\237ruland\304\261" parameters:"key" > > 
21-03-2021 16:03:01.131 [Gauge] [DEBUG] Api Request Received: messageType:GetStepValueRequest messageId:4 stepValueRequest:<stepText:"<key1> fiyat\304\261 ile <key2> fiyat\304\261 aras\304\261ndaki fark hesapland\304\261" > 
21-03-2021 16:03:01.131 [Gauge] [DEBUG] Sending API response: messageType:GetStepValueResponse messageId:4 stepValueResponse:<stepValue:<stepValue:"{} fiyat\304\261 ile {} fiyat\304\261 aras\304\261ndaki fark hesapland\304\261" parameterizedStepValue:"<key1> fiyat\304\261 ile <key2> fiyat\304\261 aras\304\261ndaki fark hesapland\304\261" parameters:"key1" parameters:"key2" > > 
21-03-2021 16:03:01.144 [Gauge] [DEBUG] Api Request Received: messageType:GetStepValueRequest messageId:4 stepValueRequest:<stepText:"Navigate to \"https://www.beymen.com\"" > 
21-03-2021 16:03:01.145 [Gauge] [DEBUG] Sending API response: messageType:GetStepValueResponse messageId:4 stepValueResponse:<stepValue:<stepValue:"Navigate to {}" parameterizedStepValue:"Navigate to <https://www.beymen.com>" parameters:"https://www.beymen.com" > > 
21-03-2021 16:03:01.145 [Gauge] [DEBUG] Api Request Received: messageType:GetStepValueRequest messageId:4 stepValueRequest:<stepText:"\"KADIN\" elementine hover olundu" > 
21-03-2021 16:03:01.145 [Gauge] [DEBUG] Sending API response: messageType:GetStepValueResponse messageId:4 stepValueResponse:<stepValue:<stepValue:"{} elementine hover olundu" parameterizedStepValue:"<KADIN> elementine hover olundu" parameters:"KADIN" > > 
21-03-2021 16:03:01.145 [Gauge] [DEBUG] Api Request Received: messageType:GetStepValueRequest messageId:4 stepValueRequest:<stepText:"\"G\304\260Y\304\260M\" elemente t\304\261kland\304\261" > 
21-03-2021 16:03:01.145 [Gauge] [DEBUG] Sending API response: messageType:GetStepValueResponse messageId:4 stepValueResponse:<stepValue:<stepValue:"{} elemente t\304\261kland\304\261" parameterizedStepValue:"<G\304\260Y\304\260M> elemente t\304\261kland\304\261" parameters:"G\304\260Y\304\260M" > > 
21-03-2021 16:03:01.146 [Gauge] [DEBUG] Api Request Received: messageType:GetStepValueRequest messageId:4 stepValueRequest:<stepText:"URL'nin \"kadin-giyim\" i\303\247erdi\304\237i do\304\237ruland\304\261" > 
21-03-2021 16:03:01.146 [Gauge] [DEBUG] Sending API response: messageType:GetStepValueResponse messageId:4 stepValueResponse:<stepValue:<stepValue:"URL'nin {} i\303\247erdi\304\237i do\304\237ruland\304\261" parameterizedStepValue:"URL'nin <kadin-giyim> i\303\247erdi\304\237i do\304\237ruland\304\261" parameters:"kadin-giyim" > > 
21-03-2021 16:03:01.146 [Gauge] [DEBUG] Api Request Received: messageType:GetStepValueRequest messageId:4 stepValueRequest:<stepText:"\304\260ndirimli \303\274r\303\274nler listelendi" > 
21-03-2021 16:03:01.146 [Gauge] [DEBUG] Sending API response: messageType:GetStepValueResponse messageId:4 stepValueResponse:<stepValue:<stepValue:"\304\260ndirimli \303\274r\303\274nler listelendi" parameterizedStepValue:"\304\260ndirimli \303\274r\303\274nler listelendi" > > 
21-03-2021 16:03:01.147 [Gauge] [DEBUG] Api Request Received: messageType:GetStepValueRequest messageId:4 stepValueRequest:<stepText:"\304\260lk \304\260ndirimli \303\234r\303\274n Se\303\247ildi" > 
21-03-2021 16:03:01.147 [Gauge] [DEBUG] Sending API response: messageType:GetStepValueResponse messageId:4 stepValueResponse:<stepValue:<stepValue:"\304\260lk \304\260ndirimli \303\234r\303\274n Se\303\247ildi" parameterizedStepValue:"\304\260lk \304\260ndirimli \303\234r\303\274n Se\303\247ildi" > > 
21-03-2021 16:03:01.147 [Gauge] [DEBUG] Api Request Received: messageType:GetStepValueRequest messageId:4 stepValueRequest:<stepText:"\"old\" fiyat\304\261 ile \"new\" fiyat\304\261 aras\304\261ndaki fark hesapland\304\261" > 
21-03-2021 16:03:01.147 [Gauge] [DEBUG] Sending API response: messageType:GetStepValueResponse messageId:4 stepValueResponse:<stepValue:<stepValue:"{} fiyat\304\261 ile {} fiyat\304\261 aras\304\261ndaki fark hesapland\304\261" parameterizedStepValue:"<old> fiyat\304\261 ile <new> fiyat\304\261 aras\304\261ndaki fark hesapland\304\261" parameters:"old" parameters:"new" > > 
21-03-2021 16:13:43.589 [Gauge] [INFO] Spec file added / modified: C:\Users\testinium\Desktop\IntellijProje\BeymenGauge\specs\example.spec
21-03-2021 16:13:43.593 [Gauge] [INFO] Spec file added / modified: C:\Users\testinium\Desktop\IntellijProje\BeymenGauge\specs\example.spec
21-03-2021 16:17:05.066 [Gauge] [INFO] Spec file added / modified: C:\Users\testinium\Desktop\IntellijProje\BeymenGauge\specs\example.spec
21-03-2021 16:17:05.067 [Gauge] [INFO] Spec file added / modified: C:\Users\testinium\Desktop\IntellijProje\BeymenGauge\specs\example.spec
21-03-2021 16:24:22.189 [Gauge] [INFO] Spec file added / modified: C:\Users\testinium\Desktop\IntellijProje\BeymenGauge\specs\example.spec
21-03-2021 16:24:22.190 [Gauge] [INFO] Spec file added / modified: C:\Users\testinium\Desktop\IntellijProje\BeymenGauge\specs\example.spec
21-03-2021 16:26:27.812 [Gauge] [INFO] Spec file added / modified: C:\Users\testinium\Desktop\IntellijProje\BeymenGauge\specs\example.spec
21-03-2021 16:26:27.812 [Gauge] [INFO] Spec file added / modified: C:\Users\testinium\Desktop\IntellijProje\BeymenGauge\specs\example.spec
21-03-2021 16:31:35.045 [Gauge] [INFO] Spec file added / modified: C:\Users\testinium\Desktop\IntellijProje\BeymenGauge\specs\example.spec
21-03-2021 16:31:35.046 [Gauge] [INFO] Spec file added / modified: C:\Users\testinium\Desktop\IntellijProje\BeymenGauge\specs\example.spec
21-03-2021 16:34:25.516 [Gauge] [INFO] Spec file added / modified: C:\Users\testinium\Desktop\IntellijProje\BeymenGauge\specs\example.spec
21-03-2021 16:34:25.524 [Gauge] [INFO] Spec file added / modified: C:\Users\testinium\Desktop\IntellijProje\BeymenGauge\specs\example.spec
21-03-2021 16:44:39.501 [Gauge] [INFO] Spec file added / modified: C:\Users\testinium\Desktop\IntellijProje\BeymenGauge\specs\example.spec
21-03-2021 16:44:39.504 [Gauge] [INFO] Spec file added / modified: C:\Users\testinium\Desktop\IntellijProje\BeymenGauge\specs\example.spec
21-03-2021 16:47:29.548 [Gauge] [INFO] Spec file added / modified: C:\Users\testinium\Desktop\IntellijProje\BeymenGauge\specs\example.spec
21-03-2021 16:47:29.550 [Gauge] [INFO] Spec file added / modified: C:\Users\testinium\Desktop\IntellijProje\BeymenGauge\specs\example.spec
21-03-2021 16:51:29.481 [Gauge] [INFO] Spec file added / modified: C:\Users\testinium\Desktop\IntellijProje\BeymenGauge\specs\example.spec
21-03-2021 16:51:29.482 [Gauge] [INFO] Spec file added / modified: C:\Users\testinium\Desktop\IntellijProje\BeymenGauge\specs\example.spec
21-03-2021 23:41:52.639 [Gauge] [INFO] Watching directory: C:\Users\testinium\Desktop\IntellijProje\BeymenGauge\specs
21-03-2021 23:41:52.640 [Gauge] [DEBUG] Found 1 files
21-03-2021 23:41:52.651 [Gauge] [INFO] Initializing concepts cache with 0 concepts
21-03-2021 23:41:52.659 [Gauge] [INFO] Spec file added / modified: C:\Users\testinium\Desktop\IntellijProje\BeymenGauge\specs\example.spec
22-03-2021 13:10:56.832 [Gauge] [INFO] Watching directory: C:\Users\testinium\Desktop\IntellijProje\BeymenGauge\specs
22-03-2021 13:10:56.832 [Gauge] [DEBUG] Found 1 files
22-03-2021 13:10:56.837 [Gauge] [INFO] Initializing concepts cache with 0 concepts
22-03-2021 13:10:56.843 [Gauge] [INFO] Spec file added / modified: C:\Users\testinium\Desktop\IntellijProje\BeymenGauge\specs\example.spec
22-03-2021 13:10:56.846 [Gauge] [INFO] Initializing specs cache with 1 specs
22-03-2021 13:10:56.846 [Gauge] [DEBUG] Adding specs from C:\Users\testinium\Desktop\IntellijProje\BeymenGauge\specs\example.spec
22-03-2021 13:10:56.846 [Gauge] [INFO] Initializing steps cache with 1 steps
22-03-2021 13:10:56.846 [Gauge] [INFO] Gauge daemon initialized and listening on port: 61691
22-03-2021 13:23:47.778 [Gauge] [DEBUG] Api Request Received: messageType:GetStepValueRequest messageId:4 stepValueRequest:<stepText:"\304\260ndirimden elde edilen  hesapland\304\261" > 
22-03-2021 13:23:47.779 [Gauge] [DEBUG] Sending API response: messageType:GetStepValueResponse messageId:4 stepValueResponse:<stepValue:<stepValue:"\304\260ndirimden elde edilen  hesapland\304\261" parameterizedStepValue:"\304\260ndirimden elde edilen  hesapland\304\261" > > 
22-03-2021 13:23:48.658 [Gauge] [DEBUG] Api Request Received: messageType:GetStepValueRequest messageId:4 stepValueRequest:<stepText:"\304\260ndirimden elde edilen k hesapland\304\261" > 
22-03-2021 13:23:48.658 [Gauge] [DEBUG] Sending API response: messageType:GetStepValueResponse messageId:4 stepValueResponse:<stepValue:<stepValue:"\304\260ndirimden elde edilen k hesapland\304\261" parameterizedStepValue:"\304\260ndirimden elde edilen k hesapland\304\261" > > 
22-03-2021 13:23:49.531 [Gauge] [DEBUG] Api Request Received: messageType:GetStepValueRequest messageId:4 stepValueRequest:<stepText:"\304\260ndirimden elde edilen kar hesapland\304\261" > 
22-03-2021 13:23:49.531 [Gauge] [DEBUG] Sending API response: messageType:GetStepValueResponse messageId:4 stepValueResponse:<stepValue:<stepValue:"\304\260ndirimden elde edilen kar hesapland\304\261" parameterizedStepValue:"\304\260ndirimden elde edilen kar hesapland\304\261" > > 
22-03-2021 13:23:57.760 [Gauge] [DEBUG] Api Request Received: messageType:GetStepValueRequest messageId:4 stepValueRequest:<stepText:"i" > 
22-03-2021 13:23:57.761 [Gauge] [DEBUG] Sending API response: messageType:GetStepValueResponse messageId:4 stepValueResponse:<stepValue:<stepValue:"i" parameterizedStepValue:"i" > > 
22-03-2021 13:23:57.783 [Gauge] [DEBUG] Api Request Received: messageType:GetAllStepsRequest messageId:2 allStepsRequest:<> 
22-03-2021 13:23:57.783 [Gauge] [DEBUG] Sending API response: messageType:GetAllStepResponse messageId:2 allStepsResponse:<allSteps:<stepValue:"{} elemente t\304\261kland\304\261" parameterizedStepValue:"<G\304\260Y\304\260M> elemente t\304\261kland\304\261" parameters:"G\304\260Y\304\260M" > allSteps:<stepValue:"URL'nin {} i\303\247erdi\304\237i do\304\237ruland\304\261" parameterizedStepValue:"URL'nin <kadin-giyim> i\303\247erdi\304\237i do\304\237ruland\304\261" parameters:"kadin-giyim" > allSteps:<stepValue:"\304\260ndirimli \303\274r\303\274nler listelendi" parameterizedStepValue:"\304\260ndirimli \303\274r\303\274nler listelendi" > allSteps:<stepValue:"\304\260lk \304\260ndirimli \303\234r\303\274n Se\303\247ildi" parameterizedStepValue:"\304\260lk \304\260ndirimli \303\234r\303\274n Se\303\247ildi" > allSteps:<stepValue:"{} fiyat\304\261 ile {} fiyat\304\261 aras\304\261ndaki fark hesapland\304\261" parameterizedStepValue:"<old> fiyat\304\261 ile <new> fiyat\304\261 aras\304\261ndaki fark hesapland\304\261" parameters:"old" parameters:"new" > allSteps:<stepValue:"Navigate to {}" parameterizedStepValue:"Navigate to <https://www.beymen.com>" parameters:"https://www.beymen.com" > allSteps:<stepValue:"{} elementine hover olundu" parameterizedStepValue:"<KADIN> elementine hover olundu" parameters:"KADIN" > > 
22-03-2021 13:23:57.790 [Gauge] [DEBUG] Api Request Received: messageType:GetAllConceptsRequest messageId:6 allConceptsRequest:<> 
22-03-2021 13:23:57.790 [Gauge] [DEBUG] Sending API response: messageType:GetAllConceptsResponse messageId:6 allConceptsResponse:<> 
22-03-2021 13:23:58.013 [Gauge] [DEBUG] Api Request Received: messageType:GetStepValueRequest messageId:4 stepValueRequest:<stepText:"in" > 
22-03-2021 13:23:58.013 [Gauge] [DEBUG] Sending API response: messageType:GetStepValueResponse messageId:4 stepValueResponse:<stepValue:<stepValue:"in" parameterizedStepValue:"in" > > 
22-03-2021 13:23:58.162 [Gauge] [DEBUG] Api Request Received: messageType:GetStepValueRequest messageId:4 stepValueRequest:<stepText:"ind" > 
22-03-2021 13:23:58.162 [Gauge] [DEBUG] Sending API response: messageType:GetStepValueResponse messageId:4 stepValueResponse:<stepValue:<stepValue:"ind" parameterizedStepValue:"ind" > > 
22-03-2021 13:23:59.299 [Gauge] [DEBUG] Api Request Received: messageType:GetStepValueRequest messageId:4 stepValueRequest:<> 
22-03-2021 13:23:59.299 [Gauge] [DEBUG] Sending API response: messageType:GetStepValueResponse messageId:4 stepValueResponse:<stepValue:<> > 
22-03-2021 13:23:59.301 [Gauge] [DEBUG] Api Request Received: messageType:GetStepValueRequest messageId:4 stepValueRequest:<> 
22-03-2021 13:23:59.301 [Gauge] [DEBUG] Sending API response: messageType:GetStepValueResponse messageId:4 stepValueResponse:<stepValue:<> > 
22-03-2021 13:23:59.339 [Gauge] [DEBUG] Api Request Received: messageType:GetStepValueRequest messageId:4 stepValueRequest:<> 
22-03-2021 13:23:59.339 [Gauge] [DEBUG] Sending API response: messageType:GetStepValueResponse messageId:4 stepValueResponse:<stepValue:<> > 
22-03-2021 13:23:59.339 [Gauge] [DEBUG] Api Request Received: messageType:GetStepValueRequest messageId:4 stepValueRequest:<> 
22-03-2021 13:23:59.339 [Gauge] [DEBUG] Sending API response: messageType:GetStepValueResponse messageId:4 stepValueResponse:<stepValue:<> > 
22-03-2021 13:23:59.368 [Gauge] [DEBUG] Api Request Received: messageType:GetStepValueRequest messageId:4 stepValueRequest:<> 
22-03-2021 13:23:59.368 [Gauge] [DEBUG] Sending API response: messageType:GetStepValueResponse messageId:4 stepValueResponse:<stepValue:<> > 
22-03-2021 13:23:59.368 [Gauge] [DEBUG] Api Request Received: messageType:GetStepValueRequest messageId:4 stepValueRequest:<> 
22-03-2021 13:23:59.369 [Gauge] [DEBUG] Sending API response: messageType:GetStepValueResponse messageId:4 stepValueResponse:<stepValue:<> > 
22-03-2021 13:23:59.397 [Gauge] [DEBUG] Api Request Received: messageType:GetStepValueRequest messageId:4 stepValueRequest:<> 
22-03-2021 13:23:59.397 [Gauge] [DEBUG] Sending API response: messageType:GetStepValueResponse messageId:4 stepValueResponse:<stepValue:<> > 
22-03-2021 13:23:59.397 [Gauge] [DEBUG] Api Request Received: messageType:GetStepValueRequest messageId:4 stepValueRequest:<> 
22-03-2021 13:23:59.397 [Gauge] [DEBUG] Sending API response: messageType:GetStepValueResponse messageId:4 stepValueResponse:<stepValue:<> > 
22-03-2021 13:23:59.628 [Gauge] [DEBUG] Api Request Received: messageType:GetStepValueRequest messageId:4 stepValueRequest:<> 
22-03-2021 13:23:59.628 [Gauge] [DEBUG] Sending API response: messageType:GetStepValueResponse messageId:4 stepValueResponse:<stepValue:<> > 
22-03-2021 13:23:59.634 [Gauge] [DEBUG] Api Request Received: messageType:GetStepValueRequest messageId:4 stepValueRequest:<> 
22-03-2021 13:23:59.634 [Gauge] [DEBUG] Sending API response: messageType:GetStepValueResponse messageId:4 stepValueResponse:<stepValue:<> > 
22-03-2021 13:23:59.635 [Gauge] [DEBUG] Api Request Received: messageType:GetStepValueRequest messageId:4 stepValueRequest:<> 
22-03-2021 13:23:59.635 [Gauge] [DEBUG] Sending API response: messageType:GetStepValueResponse messageId:4 stepValueResponse:<stepValue:<> > 
22-03-2021 13:23:59.681 [Gauge] [DEBUG] Api Request Received: messageType:GetStepValueRequest messageId:4 stepValueRequest:<> 
22-03-2021 13:23:59.681 [Gauge] [DEBUG] Sending API response: messageType:GetStepValueResponse messageId:4 stepValueResponse:<stepValue:<> > 
22-03-2021 13:23:59.682 [Gauge] [DEBUG] Api Request Received: messageType:GetStepValueRequest messageId:4 stepValueRequest:<> 
22-03-2021 13:23:59.682 [Gauge] [DEBUG] Sending API response: messageType:GetStepValueResponse messageId:4 stepValueResponse:<stepValue:<> > 
22-03-2021 13:23:59.711 [Gauge] [DEBUG] Api Request Received: messageType:GetStepValueRequest messageId:4 stepValueRequest:<> 
22-03-2021 13:23:59.711 [Gauge] [DEBUG] Sending API response: messageType:GetStepValueResponse messageId:4 stepValueResponse:<stepValue:<> > 
22-03-2021 13:23:59.711 [Gauge] [DEBUG] Api Request Received: messageType:GetStepValueRequest messageId:4 stepValueRequest:<> 
22-03-2021 13:23:59.712 [Gauge] [DEBUG] Sending API response: messageType:GetStepValueResponse messageId:4 stepValueResponse:<stepValue:<> > 
22-03-2021 13:23:59.863 [Gauge] [DEBUG] Api Request Received: messageType:GetStepValueRequest messageId:4 stepValueRequest:<stepText:"\304\260" > 
22-03-2021 13:23:59.863 [Gauge] [DEBUG] Sending API response: messageType:GetStepValueResponse messageId:4 stepValueResponse:<stepValue:<stepValue:"\304\260" parameterizedStepValue:"\304\260" > > 
22-03-2021 13:23:59.868 [Gauge] [DEBUG] Api Request Received: messageType:GetAllStepsRequest messageId:2 allStepsRequest:<> 
22-03-2021 13:23:59.868 [Gauge] [DEBUG] Sending API response: messageType:GetAllStepResponse messageId:2 allStepsResponse:<allSteps:<stepValue:"\304\260lk \304\260ndirimli \303\234r\303\274n Se\303\247ildi" parameterizedStepValue:"\304\260lk \304\260ndirimli \303\234r\303\274n Se\303\247ildi" > allSteps:<stepValue:"{} fiyat\304\261 ile {} fiyat\304\261 aras\304\261ndaki fark hesapland\304\261" parameterizedStepValue:"<old> fiyat\304\261 ile <new> fiyat\304\261 aras\304\261ndaki fark hesapland\304\261" parameters:"old" parameters:"new" > allSteps:<stepValue:"Navigate to {}" parameterizedStepValue:"Navigate to <https://www.beymen.com>" parameters:"https://www.beymen.com" > allSteps:<stepValue:"{} elementine hover olundu" parameterizedStepValue:"<KADIN> elementine hover olundu" parameters:"KADIN" > allSteps:<stepValue:"{} elemente t\304\261kland\304\261" parameterizedStepValue:"<G\304\260Y\304\260M> elemente t\304\261kland\304\261" parameters:"G\304\260Y\304\260M" > allSteps:<stepValue:"URL'nin {} i\303\247erdi\304\237i do\304\237ruland\304\261" parameterizedStepValue:"URL'nin <kadin-giyim> i\303\247erdi\304\237i do\304\237ruland\304\261" parameters:"kadin-giyim" > allSteps:<stepValue:"\304\260ndirimli \303\274r\303\274nler listelendi" parameterizedStepValue:"\304\260ndirimli \303\274r\303\274nler listelendi" > > 
22-03-2021 13:23:59.869 [Gauge] [DEBUG] Api Request Received: messageType:GetAllConceptsRequest messageId:6 allConceptsRequest:<> 
22-03-2021 13:23:59.869 [Gauge] [DEBUG] Sending API response: messageType:GetAllConceptsResponse messageId:6 allConceptsResponse:<> 
22-03-2021 13:24:23.418 [Gauge] [INFO] Spec file added / modified: C:\Users\testinium\Desktop\IntellijProje\BeymenGauge\specs\example.spec
22-03-2021 13:24:23.427 [Gauge] [INFO] Spec file added / modified: C:\Users\testinium\Desktop\IntellijProje\BeymenGauge\specs\example.spec
22-03-2021 13:25:21.732 [Gauge] [INFO] Spec file added / modified: C:\Users\testinium\Desktop\IntellijProje\BeymenGauge\specs\example.spec
22-03-2021 13:25:21.739 [Gauge] [INFO] Spec file added / modified: C:\Users\testinium\Desktop\IntellijProje\BeymenGauge\specs\example.spec
22-03-2021 15:09:31.995 [Gauge] [INFO] Watching directory: C:\Users\testinium\Desktop\IntellijProje\BeymenGauge\specs
22-03-2021 15:09:31.998 [Gauge] [DEBUG] Found 1 files
22-03-2021 15:09:31.999 [Gauge] [INFO] Initializing concepts cache with 0 concepts
22-03-2021 15:09:32.000 [Gauge] [INFO] Spec file added / modified: C:\Users\testinium\Desktop\IntellijProje\BeymenGauge\specs\example.spec
26-03-2021 10:06:00.007 [Gauge] [INFO] Watching directory: C:\Users\testinium\Desktop\IntellijProje\BeymenGauge\specs
26-03-2021 10:06:00.008 [Gauge] [DEBUG] Found 1 files
26-03-2021 10:06:00.050 [Gauge] [INFO] Initializing concepts cache with 0 concepts
26-03-2021 10:06:00.067 [Gauge] [INFO] Spec file added / modified: C:\Users\testinium\Desktop\IntellijProje\BeymenGauge\specs\example.spec
26-03-2021 14:21:48.565 [Gauge] [INFO] Watching directory: C:\Users\testinium\Desktop\IntellijProje\BeymenGauge\specs
26-03-2021 14:21:48.568 [Gauge] [DEBUG] Found 1 files
26-03-2021 14:21:48.576 [Gauge] [INFO] Initializing concepts cache with 0 concepts
26-03-2021 14:21:48.578 [Gauge] [INFO] Spec file added / modified: C:\Users\testinium\Desktop\IntellijProje\BeymenGauge\specs\example.spec
26-03-2021 14:37:06.413 [Gauge] [INFO] Watching directory: C:\Users\testinium\Desktop\IntellijProje\BeymenGauge\specs
26-03-2021 14:37:06.417 [Gauge] [DEBUG] Found 1 files
26-03-2021 14:37:06.418 [Gauge] [INFO] Initializing concepts cache with 0 concepts
26-03-2021 14:37:06.427 [Gauge] [INFO] Initializing specs cache with 1 specs
26-03-2021 14:37:06.427 [Gauge] [DEBUG] Adding specs from C:\Users\testinium\Desktop\IntellijProje\BeymenGauge\specs\example.spec
26-03-2021 14:37:06.427 [Gauge] [INFO] Initializing steps cache with 1 steps
26-03-2021 14:37:06.427 [Gauge] [INFO] Gauge daemon initialized and listening on port: 55555
29-03-2021 16:38:49.606 [Gauge] [INFO] Watching directory: C:\Users\testinium\Desktop\IntellijProje\BeymenGauge\specs
29-03-2021 16:38:49.612 [Gauge] [DEBUG] Found 1 files
29-03-2021 16:38:49.628 [Gauge] [INFO] Initializing concepts cache with 0 concepts
29-03-2021 16:38:49.641 [Gauge] [INFO] Spec file added / modified: C:\Users\testinium\Desktop\IntellijProje\BeymenGauge\specs\example.spec
29-03-2021 16:38:49.644 [Gauge] [INFO] Initializing specs cache with 1 specs
29-03-2021 16:38:49.646 [Gauge] [DEBUG] Adding specs from C:\Users\testinium\Desktop\IntellijProje\BeymenGauge\specs\example.spec
29-03-2021 16:38:49.646 [Gauge] [INFO] Initializing steps cache with 1 steps
29-03-2021 16:38:49.646 [Gauge] [INFO] Gauge daemon initialized and listening on port: 65114
02-04-2021 09:57:54.996 [Gauge] [INFO] Watching directory: C:\Users\testinium\Desktop\IntellijProje\BeymenGauge\specs
02-04-2021 09:57:55.001 [Gauge] [DEBUG] Found 1 files
02-04-2021 09:57:55.012 [Gauge] [INFO] Initializing concepts cache with 0 concepts
02-04-2021 09:57:55.030 [Gauge] [INFO] Spec file added / modified: C:\Users\testinium\Desktop\IntellijProje\BeymenGauge\specs\example.spec
02-04-2021 09:57:55.053 [Gauge] [INFO] Initializing specs cache with 1 specs
02-04-2021 09:57:55.054 [Gauge] [DEBUG] Adding specs from C:\Users\testinium\Desktop\IntellijProje\BeymenGauge\specs\example.spec
02-04-2021 09:57:55.054 [Gauge] [INFO] Initializing steps cache with 1 steps
02-04-2021 09:57:55.054 [Gauge] [INFO] Gauge daemon initialized and listening on port: 53681
02-04-2021 10:16:04.156 [Gauge] [DEBUG] Api Request Received: messageType:GetStepValueRequest messageId:4 stepValueRequest:<stepText:"Navigate to <url>" > 
02-04-2021 10:16:04.157 [Gauge] [DEBUG] Sending API response: messageType:GetStepValueResponse messageId:4 stepValueResponse:<stepValue:<stepValue:"Navigate to {}" parameterizedStepValue:"Navigate to <url>" parameters:"url" > > 
02-04-2021 10:16:04.173 [Gauge] [DEBUG] Api Request Received: messageType:GetStepValueRequest messageId:4 stepValueRequest:<stepText:"<key> elementine hover olundu" > 
02-04-2021 10:16:04.173 [Gauge] [DEBUG] Sending API response: messageType:GetStepValueResponse messageId:4 stepValueResponse:<stepValue:<stepValue:"{} elementine hover olundu" parameterizedStepValue:"<key> elementine hover olundu" parameters:"key" > > 
02-04-2021 10:16:04.177 [Gauge] [DEBUG] Api Request Received: messageType:GetStepValueRequest messageId:4 stepValueRequest:<stepText:"<key> elemente t\304\261kland\304\261" > 
02-04-2021 10:16:04.178 [Gauge] [DEBUG] Sending API response: messageType:GetStepValueResponse messageId:4 stepValueResponse:<stepValue:<stepValue:"{} elemente t\304\261kland\304\261" parameterizedStepValue:"<key> elemente t\304\261kland\304\261" parameters:"key" > > 
02-04-2021 10:16:04.182 [Gauge] [DEBUG] Api Request Received: messageType:GetStepValueRequest messageId:4 stepValueRequest:<stepText:"URL'nin <key> i\303\247erdi\304\237i do\304\237ruland\304\261" > 
02-04-2021 10:16:04.182 [Gauge] [DEBUG] Sending API response: messageType:GetStepValueResponse messageId:4 stepValueResponse:<stepValue:<stepValue:"URL'nin {} i\303\247erdi\304\237i do\304\237ruland\304\261" parameterizedStepValue:"URL'nin <key> i\303\247erdi\304\237i do\304\237ruland\304\261" parameters:"key" > > 
02-04-2021 10:16:04.186 [Gauge] [DEBUG] Api Request Received: messageType:GetStepValueRequest messageId:4 stepValueRequest:<stepText:"\304\260ndirimden elde edilen kar hesapland\304\261" > 
02-04-2021 10:16:04.186 [Gauge] [DEBUG] Sending API response: messageType:GetStepValueResponse messageId:4 stepValueResponse:<stepValue:<stepValue:"\304\260ndirimden elde edilen kar hesapland\304\261" parameterizedStepValue:"\304\260ndirimden elde edilen kar hesapland\304\261" > > 
02-04-2021 10:16:04.194 [Gauge] [DEBUG] Api Request Received: messageType:GetStepValueRequest messageId:4 stepValueRequest:<stepText:"Navigate to \"https://www.beymen.com\"" > 
02-04-2021 10:16:04.194 [Gauge] [DEBUG] Sending API response: messageType:GetStepValueResponse messageId:4 stepValueResponse:<stepValue:<stepValue:"Navigate to {}" parameterizedStepValue:"Navigate to <https://www.beymen.com>" parameters:"https://www.beymen.com" > > 
02-04-2021 10:16:04.194 [Gauge] [DEBUG] Api Request Received: messageType:GetStepValueRequest messageId:4 stepValueRequest:<stepText:"\"KADIN\" elementine hover olundu" > 
02-04-2021 10:16:04.194 [Gauge] [DEBUG] Sending API response: messageType:GetStepValueResponse messageId:4 stepValueResponse:<stepValue:<stepValue:"{} elementine hover olundu" parameterizedStepValue:"<KADIN> elementine hover olundu" parameters:"KADIN" > > 
02-04-2021 10:16:04.195 [Gauge] [DEBUG] Api Request Received: messageType:GetStepValueRequest messageId:4 stepValueRequest:<stepText:"\"G\304\260Y\304\260M\" elemente t\304\261kland\304\261" > 
02-04-2021 10:16:04.195 [Gauge] [DEBUG] Sending API response: messageType:GetStepValueResponse messageId:4 stepValueResponse:<stepValue:<stepValue:"{} elemente t\304\261kland\304\261" parameterizedStepValue:"<G\304\260Y\304\260M> elemente t\304\261kland\304\261" parameters:"G\304\260Y\304\260M" > > 
02-04-2021 10:16:04.195 [Gauge] [DEBUG] Api Request Received: messageType:GetStepValueRequest messageId:4 stepValueRequest:<stepText:"URL'nin \"kadin-giyim\" i\303\247erdi\304\237i do\304\237ruland\304\261" > 
02-04-2021 10:16:04.195 [Gauge] [DEBUG] Sending API response: messageType:GetStepValueResponse messageId:4 stepValueResponse:<stepValue:<stepValue:"URL'nin {} i\303\247erdi\304\237i do\304\237ruland\304\261" parameterizedStepValue:"URL'nin <kadin-giyim> i\303\247erdi\304\237i do\304\237ruland\304\261" parameters:"kadin-giyim" > > 
02-04-2021 10:30:14.135 [Gauge] [INFO] Watching directory: C:\Users\testinium\Desktop\IntellijProje\BeymenGauge\specs
02-04-2021 10:30:14.136 [Gauge] [DEBUG] Found 1 files
02-04-2021 10:30:14.143 [Gauge] [INFO] Initializing concepts cache with 0 concepts
02-04-2021 10:30:14.144 [Gauge] [INFO] Initializing specs cache with 1 specs
02-04-2021 10:30:14.144 [Gauge] [DEBUG] Adding specs from C:\Users\testinium\Desktop\IntellijProje\BeymenGauge\specs\example.spec
02-04-2021 10:30:14.144 [Gauge] [INFO] Initializing steps cache with 1 steps
02-04-2021 10:30:14.144 [Gauge] [INFO] Gauge daemon initialized and listening on port: 54163
02-04-2021 10:31:15.740 [Gauge] [DEBUG] Api Request Received: messageType:GetStepValueRequest messageId:4 stepValueRequest:<stepText:"Navigate to <url>" > 
02-04-2021 10:31:15.740 [Gauge] [DEBUG] Sending API response: messageType:GetStepValueResponse messageId:4 stepValueResponse:<stepValue:<stepValue:"Navigate to {}" parameterizedStepValue:"Navigate to <url>" parameters:"url" > > 
02-04-2021 10:31:16.502 [Gauge] [DEBUG] Api Request Received: messageType:GetStepValueRequest messageId:4 stepValueRequest:<stepText:"<key> elementine hover olundu" > 
02-04-2021 10:31:16.502 [Gauge] [DEBUG] Sending API response: messageType:GetStepValueResponse messageId:4 stepValueResponse:<stepValue:<stepValue:"{} elementine hover olundu" parameterizedStepValue:"<key> elementine hover olundu" parameters:"key" > > 
02-04-2021 10:31:16.539 [Gauge] [DEBUG] Api Request Received: messageType:GetStepValueRequest messageId:4 stepValueRequest:<stepText:"<key> elemente t\304\261kland\304\261" > 
02-04-2021 10:31:16.539 [Gauge] [DEBUG] Sending API response: messageType:GetStepValueResponse messageId:4 stepValueResponse:<stepValue:<stepValue:"{} elemente t\304\261kland\304\261" parameterizedStepValue:"<key> elemente t\304\261kland\304\261" parameters:"key" > > 
02-04-2021 10:31:16.600 [Gauge] [DEBUG] Api Request Received: messageType:GetStepValueRequest messageId:4 stepValueRequest:<stepText:"URL'nin <key> i\303\247erdi\304\237i do\304\237ruland\304\261" > 
02-04-2021 10:31:16.601 [Gauge] [DEBUG] Sending API response: messageType:GetStepValueResponse messageId:4 stepValueResponse:<stepValue:<stepValue:"URL'nin {} i\303\247erdi\304\237i do\304\237ruland\304\261" parameterizedStepValue:"URL'nin <key> i\303\247erdi\304\237i do\304\237ruland\304\261" parameters:"key" > > 
02-04-2021 10:31:16.624 [Gauge] [DEBUG] Api Request Received: messageType:GetStepValueRequest messageId:4 stepValueRequest:<stepText:"\304\260ndirimden elde edilen kar hesapland\304\261" > 
02-04-2021 10:31:16.624 [Gauge] [DEBUG] Sending API response: messageType:GetStepValueResponse messageId:4 stepValueResponse:<stepValue:<stepValue:"\304\260ndirimden elde edilen kar hesapland\304\261" parameterizedStepValue:"\304\260ndirimden elde edilen kar hesapland\304\261" > > 
02-04-2021 10:31:16.701 [Gauge] [DEBUG] Api Request Received: messageType:GetStepValueRequest messageId:4 stepValueRequest:<stepText:"Navigate to \"https://www.beymen.com\"" > 
02-04-2021 10:31:16.701 [Gauge] [DEBUG] Sending API response: messageType:GetStepValueResponse messageId:4 stepValueResponse:<stepValue:<stepValue:"Navigate to {}" parameterizedStepValue:"Navigate to <https://www.beymen.com>" parameters:"https://www.beymen.com" > > 
02-04-2021 10:31:16.702 [Gauge] [DEBUG] Api Request Received: messageType:GetStepValueRequest messageId:4 stepValueRequest:<stepText:"\"KADIN\" elementine hover olundu" > 
02-04-2021 10:31:16.702 [Gauge] [DEBUG] Sending API response: messageType:GetStepValueResponse messageId:4 stepValueResponse:<stepValue:<stepValue:"{} elementine hover olundu" parameterizedStepValue:"<KADIN> elementine hover olundu" parameters:"KADIN" > > 
02-04-2021 10:31:16.702 [Gauge] [DEBUG] Api Request Received: messageType:GetStepValueRequest messageId:4 stepValueRequest:<stepText:"\"G\304\260Y\304\260M\" elemente t\304\261kland\304\261" > 
02-04-2021 10:31:16.702 [Gauge] [DEBUG] Sending API response: messageType:GetStepValueResponse messageId:4 stepValueResponse:<stepValue:<stepValue:"{} elemente t\304\261kland\304\261" parameterizedStepValue:"<G\304\260Y\304\260M> elemente t\304\261kland\304\261" parameters:"G\304\260Y\304\260M" > > 
02-04-2021 10:31:16.702 [Gauge] [DEBUG] Api Request Received: messageType:GetStepValueRequest messageId:4 stepValueRequest:<stepText:"URL'nin \"kadin-giyim\" i\303\247erdi\304\237i do\304\237ruland\304\261" > 
02-04-2021 10:31:16.702 [Gauge] [DEBUG] Sending API response: messageType:GetStepValueResponse messageId:4 stepValueResponse:<stepValue:<stepValue:"URL'nin {} i\303\247erdi\304\237i do\304\237ruland\304\261" parameterizedStepValue:"URL'nin <kadin-giyim> i\303\247erdi\304\237i do\304\237ruland\304\261" parameters:"kadin-giyim" > > 
15-06-2021 19:22:55.888 [Gauge] [INFO] Watching directory: C:\Users\testinium\Desktop\IntellijProje\BeymenGauge\specs
15-06-2021 19:22:55.888 [Gauge] [DEBUG] Found 1 files
15-06-2021 19:22:55.893 [Gauge] [INFO] Initializing concepts cache with 0 concepts
15-06-2021 19:22:55.900 [Gauge] [INFO] Initializing specs cache with 1 specs
15-06-2021 19:22:55.901 [Gauge] [DEBUG] Adding specs from C:\Users\testinium\Desktop\IntellijProje\BeymenGauge\specs\example.spec
15-06-2021 19:22:55.901 [Gauge] [INFO] Initializing steps cache with 1 steps
15-06-2021 19:22:55.901 [Gauge] [INFO] Gauge daemon initialized and listening on port: 58063
15-06-2021 19:22:58.507 [Gauge] [DEBUG] Api Request Received: messageType:GetStepValueRequest messageId:4 stepValueRequest:<stepText:"Navigate to <url>" > 
15-06-2021 19:22:58.507 [Gauge] [DEBUG] Sending API response: messageType:GetStepValueResponse messageId:4 stepValueResponse:<stepValue:<stepValue:"Navigate to {}" parameterizedStepValue:"Navigate to <url>" parameters:"url" > > 
15-06-2021 19:22:58.512 [Gauge] [DEBUG] Api Request Received: messageType:GetStepValueRequest messageId:4 stepValueRequest:<stepText:"<key> elementine hover olundu" > 
15-06-2021 19:22:58.512 [Gauge] [DEBUG] Sending API response: messageType:GetStepValueResponse messageId:4 stepValueResponse:<stepValue:<stepValue:"{} elementine hover olundu" parameterizedStepValue:"<key> elementine hover olundu" parameters:"key" > > 
15-06-2021 19:22:58.515 [Gauge] [DEBUG] Api Request Received: messageType:GetStepValueRequest messageId:4 stepValueRequest:<stepText:"<key> elemente t\304\261kland\304\261" > 
15-06-2021 19:22:58.515 [Gauge] [DEBUG] Sending API response: messageType:GetStepValueResponse messageId:4 stepValueResponse:<stepValue:<stepValue:"{} elemente t\304\261kland\304\261" parameterizedStepValue:"<key> elemente t\304\261kland\304\261" parameters:"key" > > 
15-06-2021 19:22:58.545 [Gauge] [DEBUG] Api Request Received: messageType:GetStepValueRequest messageId:4 stepValueRequest:<stepText:"URL'nin <key> i\303\247erdi\304\237i do\304\237ruland\304\261" > 
15-06-2021 19:22:58.546 [Gauge] [DEBUG] Sending API response: messageType:GetStepValueResponse messageId:4 stepValueResponse:<stepValue:<stepValue:"URL'nin {} i\303\247erdi\304\237i do\304\237ruland\304\261" parameterizedStepValue:"URL'nin <key> i\303\247erdi\304\237i do\304\237ruland\304\261" parameters:"key" > > 
15-06-2021 19:22:58.639 [Gauge] [DEBUG] Api Request Received: messageType:GetStepValueRequest messageId:4 stepValueRequest:<stepText:"\304\260ndirimden elde edilen kar hesapland\304\261" > 
15-06-2021 19:22:58.639 [Gauge] [DEBUG] Sending API response: messageType:GetStepValueResponse messageId:4 stepValueResponse:<stepValue:<stepValue:"\304\260ndirimden elde edilen kar hesapland\304\261" parameterizedStepValue:"\304\260ndirimden elde edilen kar hesapland\304\261" > > 
15-06-2021 19:22:58.649 [Gauge] [DEBUG] Api Request Received: messageType:GetStepValueRequest messageId:4 stepValueRequest:<stepText:"Navigate to \"https://www.beymen.com\"" > 
15-06-2021 19:22:58.649 [Gauge] [DEBUG] Sending API response: messageType:GetStepValueResponse messageId:4 stepValueResponse:<stepValue:<stepValue:"Navigate to {}" parameterizedStepValue:"Navigate to <https://www.beymen.com>" parameters:"https://www.beymen.com" > > 
15-06-2021 19:22:58.693 [Gauge] [DEBUG] Api Request Received: messageType:GetStepValueRequest messageId:4 stepValueRequest:<stepText:"\"KADIN\" elementine hover olundu" > 
15-06-2021 19:22:58.693 [Gauge] [DEBUG] Sending API response: messageType:GetStepValueResponse messageId:4 stepValueResponse:<stepValue:<stepValue:"{} elementine hover olundu" parameterizedStepValue:"<KADIN> elementine hover olundu" parameters:"KADIN" > > 
15-06-2021 19:22:58.888 [Gauge] [DEBUG] Api Request Received: messageType:GetStepValueRequest messageId:4 stepValueRequest:<stepText:"\"G\304\260Y\304\260M\" elemente t\304\261kland\304\261" > 
15-06-2021 19:22:58.888 [Gauge] [DEBUG] Sending API response: messageType:GetStepValueResponse messageId:4 stepValueResponse:<stepValue:<stepValue:"{} elemente t\304\261kland\304\261" parameterizedStepValue:"<G\304\260Y\304\260M> elemente t\304\261kland\304\261" parameters:"G\304\260Y\304\260M" > > 
15-06-2021 19:22:58.967 [Gauge] [DEBUG] Api Request Received: messageType:GetStepValueRequest messageId:4 stepValueRequest:<stepText:"URL'nin \"kadin-giyim\" i\303\247erdi\304\237i do\304\237ruland\304\261" > 
15-06-2021 19:22:58.967 [Gauge] [DEBUG] Sending API response: messageType:GetStepValueResponse messageId:4 stepValueResponse:<stepValue:<stepValue:"URL'nin {} i\303\247erdi\304\237i do\304\237ruland\304\261" parameterizedStepValue:"URL'nin <kadin-giyim> i\303\247erdi\304\237i do\304\237ruland\304\261" parameters:"kadin-giyim" > > 
16-06-2021 17:10:33.492 [Gauge] [INFO] Watching directory: C:\Users\testinium\Desktop\IntellijProje\BeymenGauge\specs
16-06-2021 17:10:33.493 [Gauge] [DEBUG] Found 1 files
16-06-2021 17:10:33.503 [Gauge] [INFO] Initializing concepts cache with 0 concepts
16-06-2021 17:10:33.512 [Gauge] [INFO] Spec file added / modified: C:\Users\testinium\Desktop\IntellijProje\BeymenGauge\specs\example.spec
16-06-2021 17:10:33.513 [Gauge] [INFO] Initializing specs cache with 1 specs
16-06-2021 17:10:33.513 [Gauge] [DEBUG] Adding specs from C:\Users\testinium\Desktop\IntellijProje\BeymenGauge\specs\example.spec
16-06-2021 17:10:33.513 [Gauge] [INFO] Initializing steps cache with 1 steps
16-06-2021 17:10:33.513 [Gauge] [INFO] Gauge daemon initialized and listening on port: 57907
15-07-2021 15:17:26.123 [Gauge] [INFO] Watching directory: C:\Users\testinium\Desktop\IntellijProje\BeymenGauge\specs
15-07-2021 15:17:26.124 [Gauge] [DEBUG] Found 1 files
15-07-2021 15:17:26.133 [Gauge] [INFO] Initializing concepts cache with 0 concepts
15-07-2021 15:17:26.142 [Gauge] [INFO] Spec file added / modified: C:\Users\testinium\Desktop\IntellijProje\BeymenGauge\specs\example.spec
15-07-2021 15:17:26.146 [Gauge] [INFO] Initializing specs cache with 1 specs
15-07-2021 15:17:26.146 [Gauge] [DEBUG] Adding specs from C:\Users\testinium\Desktop\IntellijProje\BeymenGauge\specs\example.spec
15-07-2021 15:17:26.146 [Gauge] [INFO] Initializing steps cache with 1 steps
15-07-2021 15:17:26.146 [Gauge] [INFO] Gauge daemon initialized and listening on port: 57890
15-07-2021 15:17:53.316 [Gauge] [DEBUG] Api Request Received: messageType:GetStepValueRequest messageId:4 stepValueRequest:<stepText:"Navigate to <url>" > 
15-07-2021 15:17:53.317 [Gauge] [DEBUG] Sending API response: messageType:GetStepValueResponse messageId:4 stepValueResponse:<stepValue:<stepValue:"Navigate to {}" parameterizedStepValue:"Navigate to <url>" parameters:"url" > > 
15-07-2021 15:17:53.357 [Gauge] [DEBUG] Api Request Received: messageType:GetStepValueRequest messageId:4 stepValueRequest:<stepText:"<key> elementine hover olundu" > 
15-07-2021 15:17:53.358 [Gauge] [DEBUG] Sending API response: messageType:GetStepValueResponse messageId:4 stepValueResponse:<stepValue:<stepValue:"{} elementine hover olundu" parameterizedStepValue:"<key> elementine hover olundu" parameters:"key" > > 
15-07-2021 15:17:53.403 [Gauge] [DEBUG] Api Request Received: messageType:GetStepValueRequest messageId:4 stepValueRequest:<stepText:"<key> elemente t\304\261kland\304\261" > 
15-07-2021 15:17:53.404 [Gauge] [DEBUG] Sending API response: messageType:GetStepValueResponse messageId:4 stepValueResponse:<stepValue:<stepValue:"{} elemente t\304\261kland\304\261" parameterizedStepValue:"<key> elemente t\304\261kland\304\261" parameters:"key" > > 
15-07-2021 15:17:53.492 [Gauge] [DEBUG] Api Request Received: messageType:GetStepValueRequest messageId:4 stepValueRequest:<stepText:"URL'nin <key> i\303\247erdi\304\237i do\304\237ruland\304\261" > 
15-07-2021 15:17:53.493 [Gauge] [DEBUG] Sending API response: messageType:GetStepValueResponse messageId:4 stepValueResponse:<stepValue:<stepValue:"URL'nin {} i\303\247erdi\304\237i do\304\237ruland\304\261" parameterizedStepValue:"URL'nin <key> i\303\247erdi\304\237i do\304\237ruland\304\261" parameters:"key" > > 
15-07-2021 15:17:53.544 [Gauge] [DEBUG] Api Request Received: messageType:GetStepValueRequest messageId:4 stepValueRequest:<stepText:"\304\260ndirimden elde edilen kar hesapland\304\261" > 
15-07-2021 15:17:53.545 [Gauge] [DEBUG] Sending API response: messageType:GetStepValueResponse messageId:4 stepValueResponse:<stepValue:<stepValue:"\304\260ndirimden elde edilen kar hesapland\304\261" parameterizedStepValue:"\304\260ndirimden elde edilen kar hesapland\304\261" > > 
15-07-2021 15:17:53.648 [Gauge] [DEBUG] Api Request Received: messageType:GetStepValueRequest messageId:4 stepValueRequest:<stepText:"Navigate to \"https://www.beymen.com\"" > 
15-07-2021 15:17:53.648 [Gauge] [DEBUG] Sending API response: messageType:GetStepValueResponse messageId:4 stepValueResponse:<stepValue:<stepValue:"Navigate to {}" parameterizedStepValue:"Navigate to <https://www.beymen.com>" parameters:"https://www.beymen.com" > > 
15-07-2021 15:17:53.649 [Gauge] [DEBUG] Api Request Received: messageType:GetStepValueRequest messageId:4 stepValueRequest:<stepText:"\"KADIN\" elementine hover olundu" > 
15-07-2021 15:17:53.649 [Gauge] [DEBUG] Sending API response: messageType:GetStepValueResponse messageId:4 stepValueResponse:<stepValue:<stepValue:"{} elementine hover olundu" parameterizedStepValue:"<KADIN> elementine hover olundu" parameters:"KADIN" > > 
15-07-2021 15:17:53.649 [Gauge] [DEBUG] Api Request Received: messageType:GetStepValueRequest messageId:4 stepValueRequest:<stepText:"\"G\304\260Y\304\260M\" elemente t\304\261kland\304\261" > 
15-07-2021 15:17:53.650 [Gauge] [DEBUG] Sending API response: messageType:GetStepValueResponse messageId:4 stepValueResponse:<stepValue:<stepValue:"{} elemente t\304\261kland\304\261" parameterizedStepValue:"<G\304\260Y\304\260M> elemente t\304\261kland\304\261" parameters:"G\304\260Y\304\260M" > > 
15-07-2021 15:17:53.650 [Gauge] [DEBUG] Api Request Received: messageType:GetStepValueRequest messageId:4 stepValueRequest:<stepText:"URL'nin \"kadin-giyim\" i\303\247erdi\304\237i do\304\237ruland\304\261" > 
15-07-2021 15:17:53.650 [Gauge] [DEBUG] Sending API response: messageType:GetStepValueResponse messageId:4 stepValueResponse:<stepValue:<stepValue:"URL'nin {} i\303\247erdi\304\237i do\304\237ruland\304\261" parameterizedStepValue:"URL'nin <kadin-giyim> i\303\247erdi\304\237i do\304\237ruland\304\261" parameters:"kadin-giyim" > > 
09-10-2021 21:35:42.215 [Gauge] [INFO] Watching directory: C:\Users\testinium\Desktop\IntellijProje\BeymenGauge\specs
09-10-2021 21:35:42.220 [Gauge] [DEBUG] Found 1 files
09-10-2021 21:35:42.223 [Gauge] [INFO] Initializing concepts cache with 0 concepts
09-10-2021 21:35:42.239 [Gauge] [INFO] Initializing specs cache with 1 specs
09-10-2021 21:35:42.239 [Gauge] [DEBUG] Adding specs from C:\Users\testinium\Desktop\IntellijProje\BeymenGauge\specs\example.spec
09-10-2021 21:35:42.240 [Gauge] [INFO] Initializing steps cache with 1 steps
09-10-2021 21:35:42.240 [Gauge] [INFO] Gauge daemon initialized and listening on port: 50996
09-10-2021 21:35:48.690 [Gauge] [DEBUG] Api Request Received: messageType:GetLanguagePluginLibPathRequest messageId:5 libPathRequest:<language:"java" > 
09-10-2021 21:35:48.706 [Gauge] [DEBUG] Sending API response: messageType:GetLanguagePluginLibPathResponse messageId:5 libPathResponse:<path:"C:\\Users\\testinium\\AppData\\Roaming\\gauge\\plugins\\java\\0.7.15\\libs" > 
09-10-2021 21:35:53.639 [Gauge] [DEBUG] Api Request Received: messageType:GetStepValueRequest messageId:4 stepValueRequest:<stepText:"URL'nin \"kadin-giyim\" i\303\247erdi\304\237i do\304\237ruland\304\261" > 
09-10-2021 21:35:53.641 [Gauge] [DEBUG] Sending API response: messageType:GetStepValueResponse messageId:4 stepValueResponse:<stepValue:<stepValue:"URL'nin {} i\303\247erdi\304\237i do\304\237ruland\304\261" parameterizedStepValue:"URL'nin <kadin-giyim> i\303\247erdi\304\237i do\304\237ruland\304\261" parameters:"kadin-giyim" > > 
09-10-2021 21:35:59.807 [Gauge] [DEBUG] Api Request Received: messageType:GetStepValueRequest messageId:4 stepValueRequest:<stepText:"Navigate to \"https://www.beymen.com\"" > 
09-10-2021 21:35:59.808 [Gauge] [DEBUG] Sending API response: messageType:GetStepValueResponse messageId:4 stepValueResponse:<stepValue:<stepValue:"Navigate to {}" parameterizedStepValue:"Navigate to <https://www.beymen.com>" parameters:"https://www.beymen.com" > > 
09-10-2021 21:35:59.891 [Gauge] [DEBUG] Api Request Received: messageType:GetStepValueRequest messageId:4 stepValueRequest:<stepText:"Navigate to <url>" > 
09-10-2021 21:35:59.895 [Gauge] [DEBUG] Sending API response: messageType:GetStepValueResponse messageId:4 stepValueResponse:<stepValue:<stepValue:"Navigate to {}" parameterizedStepValue:"Navigate to <url>" parameters:"url" > > 
09-10-2021 21:35:59.897 [Gauge] [DEBUG] Api Request Received: messageType:GetStepValueRequest messageId:4 stepValueRequest:<stepText:"Navigate to <url>" > 
09-10-2021 21:35:59.897 [Gauge] [DEBUG] Sending API response: messageType:GetStepValueResponse messageId:4 stepValueResponse:<stepValue:<stepValue:"Navigate to {}" parameterizedStepValue:"Navigate to <url>" parameters:"url" > > 
09-10-2021 21:35:59.899 [Gauge] [DEBUG] Api Request Received: messageType:GetStepValueRequest messageId:4 stepValueRequest:<stepText:"<key> elementine hover olundu" > 
09-10-2021 21:35:59.899 [Gauge] [DEBUG] Sending API response: messageType:GetStepValueResponse messageId:4 stepValueResponse:<stepValue:<stepValue:"{} elementine hover olundu" parameterizedStepValue:"<key> elementine hover olundu" parameters:"key" > > 
09-10-2021 21:35:59.899 [Gauge] [DEBUG] Api Request Received: messageType:GetStepValueRequest messageId:4 stepValueRequest:<stepText:"Navigate to <url>" > 
09-10-2021 21:35:59.900 [Gauge] [DEBUG] Sending API response: messageType:GetStepValueResponse messageId:4 stepValueResponse:<stepValue:<stepValue:"Navigate to {}" parameterizedStepValue:"Navigate to <url>" parameters:"url" > > 
09-10-2021 21:35:59.901 [Gauge] [DEBUG] Api Request Received: messageType:GetStepValueRequest messageId:4 stepValueRequest:<stepText:"\"KADIN\" elementine hover olundu" > 
09-10-2021 21:35:59.901 [Gauge] [DEBUG] Sending API response: messageType:GetStepValueResponse messageId:4 stepValueResponse:<stepValue:<stepValue:"{} elementine hover olundu" parameterizedStepValue:"<KADIN> elementine hover olundu" parameters:"KADIN" > > 
09-10-2021 21:35:59.901 [Gauge] [DEBUG] Api Request Received: messageType:GetStepValueRequest messageId:4 stepValueRequest:<stepText:"<key> elemente t\304\261kland\304\261" > 
09-10-2021 21:35:59.902 [Gauge] [DEBUG] Sending API response: messageType:GetStepValueResponse messageId:4 stepValueResponse:<stepValue:<stepValue:"{} elemente t\304\261kland\304\261" parameterizedStepValue:"<key> elemente t\304\261kland\304\261" parameters:"key" > > 
09-10-2021 21:35:59.903 [Gauge] [DEBUG] Api Request Received: messageType:GetStepValueRequest messageId:4 stepValueRequest:<stepText:"<key> elemente t\304\261kland\304\261" > 
09-10-2021 21:35:59.903 [Gauge] [DEBUG] Sending API response: messageType:GetStepValueResponse messageId:4 stepValueResponse:<stepValue:<stepValue:"{} elemente t\304\261kland\304\261" parameterizedStepValue:"<key> elemente t\304\261kland\304\261" parameters:"key" > > 
09-10-2021 21:35:59.904 [Gauge] [DEBUG] Api Request Received: messageType:GetStepValueRequest messageId:4 stepValueRequest:<stepText:"URL'nin <key> i\303\247erdi\304\237i do\304\237ruland\304\261" > 
09-10-2021 21:35:59.905 [Gauge] [DEBUG] Sending API response: messageType:GetStepValueResponse messageId:4 stepValueResponse:<stepValue:<stepValue:"URL'nin {} i\303\247erdi\304\237i do\304\237ruland\304\261" parameterizedStepValue:"URL'nin <key> i\303\247erdi\304\237i do\304\237ruland\304\261" parameters:"key" > > 
09-10-2021 21:35:59.905 [Gauge] [DEBUG] Api Request Received: messageType:GetStepValueRequest messageId:4 stepValueRequest:<stepText:"\"G\304\260Y\304\260M\" elemente t\304\261kland\304\261" > 
09-10-2021 21:35:59.905 [Gauge] [DEBUG] Sending API response: messageType:GetStepValueResponse messageId:4 stepValueResponse:<stepValue:<stepValue:"{} elemente t\304\261kland\304\261" parameterizedStepValue:"<G\304\260Y\304\260M> elemente t\304\261kland\304\261" parameters:"G\304\260Y\304\260M" > > 
09-10-2021 21:35:59.906 [Gauge] [DEBUG] Api Request Received: messageType:GetStepValueRequest messageId:4 stepValueRequest:<stepText:"URL'nin <key> i\303\247erdi\304\237i do\304\237ruland\304\261" > 
09-10-2021 21:35:59.909 [Gauge] [DEBUG] Sending API response: messageType:GetStepValueResponse messageId:4 stepValueResponse:<stepValue:<stepValue:"URL'nin {} i\303\247erdi\304\237i do\304\237ruland\304\261" parameterizedStepValue:"URL'nin <key> i\303\247erdi\304\237i do\304\237ruland\304\261" parameters:"key" > > 
09-10-2021 21:35:59.909 [Gauge] [DEBUG] Api Request Received: messageType:GetStepValueRequest messageId:4 stepValueRequest:<stepText:"\304\260ndirimden elde edilen kar hesapland\304\261" > 
09-10-2021 21:35:59.909 [Gauge] [DEBUG] Sending API response: messageType:GetStepValueResponse messageId:4 stepValueResponse:<stepValue:<stepValue:"\304\260ndirimden elde edilen kar hesapland\304\261" parameterizedStepValue:"\304\260ndirimden elde edilen kar hesapland\304\261" > > 
09-10-2021 21:36:13.509 [Gauge] [INFO] Watching directory: C:\Users\testinium\Desktop\IntellijProje\BeymenGauge\specs
09-10-2021 21:36:13.510 [Gauge] [DEBUG] Found 1 files
09-10-2021 21:36:13.522 [Gauge] [INFO] Initializing concepts cache with 0 concepts
09-10-2021 21:36:13.523 [Gauge] [INFO] Initializing specs cache with 1 specs
09-10-2021 21:36:13.523 [Gauge] [DEBUG] Adding specs from C:\Users\testinium\Desktop\IntellijProje\BeymenGauge\specs\example.spec
09-10-2021 21:36:13.523 [Gauge] [INFO] Initializing steps cache with 1 steps
09-10-2021 21:36:13.523 [Gauge] [INFO] Gauge daemon initialized and listening on port: 51017
11-10-2021 08:16:01.330 [Gauge] [INFO] Watching directory: C:\Users\testinium\Desktop\IntellijProje\BeymenGauge\specs
11-10-2021 08:16:01.331 [Gauge] [DEBUG] Found 1 files
11-10-2021 08:16:01.338 [Gauge] [INFO] Initializing concepts cache with 0 concepts
11-10-2021 08:16:01.347 [Gauge] [INFO] Spec file added / modified: C:\Users\testinium\Desktop\IntellijProje\BeymenGauge\specs\example.spec
27-10-2021 09:53:23.886 [Gauge] [INFO] Watching directory: C:\Users\testinium\Desktop\IntellijProje\BeymenGauge\specs
27-10-2021 09:53:23.888 [Gauge] [DEBUG] Found 1 files
27-10-2021 09:53:23.900 [Gauge] [INFO] Initializing concepts cache with 0 concepts
27-10-2021 09:53:23.914 [Gauge] [INFO] Spec file added / modified: C:\Users\testinium\Desktop\IntellijProje\BeymenGauge\specs\example.spec
21-11-2021 15:06:26.556 [Gauge] [INFO] Watching directory: C:\Users\testinium\Desktop\IntellijProje\BeymenGauge\specs
21-11-2021 15:06:26.558 [Gauge] [DEBUG] Found 1 files
21-11-2021 15:06:26.575 [Gauge] [INFO] Initializing concepts cache with 0 concepts
21-11-2021 15:06:26.583 [Gauge] [INFO] Spec file added / modified: C:\Users\testinium\Desktop\IntellijProje\BeymenGauge\specs\example.spec
21-11-2021 15:06:26.585 [Gauge] [INFO] Initializing specs cache with 1 specs
21-11-2021 15:06:26.585 [Gauge] [DEBUG] Adding specs from C:\Users\testinium\Desktop\IntellijProje\BeymenGauge\specs\example.spec
21-11-2021 15:06:26.585 [Gauge] [INFO] Initializing steps cache with 1 steps
21-11-2021 15:06:26.585 [Gauge] [INFO] Gauge daemon initialized and listening on port: 59500
21-11-2021 15:06:28.885 [Gauge] [DEBUG] Api Request Received: messageType:GetStepValueRequest messageId:4 stepValueRequest:<stepText:"Navigate to <url>" > 
21-11-2021 15:06:28.888 [Gauge] [DEBUG] Sending API response: messageType:GetStepValueResponse messageId:4 stepValueResponse:<stepValue:<stepValue:"Navigate to {}" parameterizedStepValue:"Navigate to <url>" parameters:"url" > > 
21-11-2021 15:06:28.901 [Gauge] [DEBUG] Api Request Received: messageType:GetStepValueRequest messageId:4 stepValueRequest:<stepText:"<key> elementine hover olundu" > 
21-11-2021 15:06:28.904 [Gauge] [DEBUG] Sending API response: messageType:GetStepValueResponse messageId:4 stepValueResponse:<stepValue:<stepValue:"{} elementine hover olundu" parameterizedStepValue:"<key> elementine hover olundu" parameters:"key" > > 
21-11-2021 15:06:28.905 [Gauge] [DEBUG] Api Request Received: messageType:GetStepValueRequest messageId:4 stepValueRequest:<stepText:"<key> elemente t\304\261kland\304\261" > 
21-11-2021 15:06:28.905 [Gauge] [DEBUG] Sending API response: messageType:GetStepValueResponse messageId:4 stepValueResponse:<stepValue:<stepValue:"{} elemente t\304\261kland\304\261" parameterizedStepValue:"<key> elemente t\304\261kland\304\261" parameters:"key" > > 
21-11-2021 15:06:28.935 [Gauge] [DEBUG] Api Request Received: messageType:GetStepValueRequest messageId:4 stepValueRequest:<stepText:"URL'nin <key> i\303\247erdi\304\237i do\304\237ruland\304\261" > 
21-11-2021 15:06:28.936 [Gauge] [DEBUG] Sending API response: messageType:GetStepValueResponse messageId:4 stepValueResponse:<stepValue:<stepValue:"URL'nin {} i\303\247erdi\304\237i do\304\237ruland\304\261" parameterizedStepValue:"URL'nin <key> i\303\247erdi\304\237i do\304\237ruland\304\261" parameters:"key" > > 
21-11-2021 15:06:28.969 [Gauge] [DEBUG] Api Request Received: messageType:GetStepValueRequest messageId:4 stepValueRequest:<stepText:"\304\260ndirimden elde edilen kar hesapland\304\261" > 
21-11-2021 15:06:28.969 [Gauge] [DEBUG] Sending API response: messageType:GetStepValueResponse messageId:4 stepValueResponse:<stepValue:<stepValue:"\304\260ndirimden elde edilen kar hesapland\304\261" parameterizedStepValue:"\304\260ndirimden elde edilen kar hesapland\304\261" > > 
21-11-2021 15:06:29.087 [Gauge] [DEBUG] Api Request Received: messageType:GetStepValueRequest messageId:4 stepValueRequest:<stepText:"Navigate to \"https://www.beymen.com\"" > 
21-11-2021 15:06:29.087 [Gauge] [DEBUG] Sending API response: messageType:GetStepValueResponse messageId:4 stepValueResponse:<stepValue:<stepValue:"Navigate to {}" parameterizedStepValue:"Navigate to <https://www.beymen.com>" parameters:"https://www.beymen.com" > > 
21-11-2021 15:06:29.089 [Gauge] [DEBUG] Api Request Received: messageType:GetStepValueRequest messageId:4 stepValueRequest:<stepText:"\"KADIN\" elementine hover olundu" > 
21-11-2021 15:06:29.089 [Gauge] [DEBUG] Sending API response: messageType:GetStepValueResponse messageId:4 stepValueResponse:<stepValue:<stepValue:"{} elementine hover olundu" parameterizedStepValue:"<KADIN> elementine hover olundu" parameters:"KADIN" > > 
21-11-2021 15:06:29.089 [Gauge] [DEBUG] Api Request Received: messageType:GetStepValueRequest messageId:4 stepValueRequest:<stepText:"\"G\304\260Y\304\260M\" elemente t\304\261kland\304\261" > 
21-11-2021 15:06:29.090 [Gauge] [DEBUG] Sending API response: messageType:GetStepValueResponse messageId:4 stepValueResponse:<stepValue:<stepValue:"{} elemente t\304\261kland\304\261" parameterizedStepValue:"<G\304\260Y\304\260M> elemente t\304\261kland\304\261" parameters:"G\304\260Y\304\260M" > > 
21-11-2021 15:06:29.090 [Gauge] [DEBUG] Api Request Received: messageType:GetStepValueRequest messageId:4 stepValueRequest:<stepText:"URL'nin \"kadin-giyim\" i\303\247erdi\304\237i do\304\237ruland\304\261" > 
21-11-2021 15:06:29.090 [Gauge] [DEBUG] Sending API response: messageType:GetStepValueResponse messageId:4 stepValueResponse:<stepValue:<stepValue:"URL'nin {} i\303\247erdi\304\237i do\304\237ruland\304\261" parameterizedStepValue:"URL'nin <kadin-giyim> i\303\247erdi\304\237i do\304\237ruland\304\261" parameters:"kadin-giyim" > > 
22-11-2021 13:39:04.600 [Gauge] [INFO] Watching directory: C:\Users\testinium\Desktop\IntellijProje\BeymenGauge\specs
22-11-2021 13:39:04.619 [Gauge] [DEBUG] Found 1 files
22-11-2021 13:39:04.646 [Gauge] [INFO] Initializing concepts cache with 0 concepts
22-11-2021 13:39:04.658 [Gauge] [INFO] Spec file added / modified: C:\Users\testinium\Desktop\IntellijProje\BeymenGauge\specs\example.spec
22-11-2021 13:39:04.661 [Gauge] [INFO] Initializing specs cache with 1 specs
22-11-2021 13:39:04.661 [Gauge] [DEBUG] Adding specs from C:\Users\testinium\Desktop\IntellijProje\BeymenGauge\specs\example.spec
22-11-2021 13:39:04.661 [Gauge] [INFO] Initializing steps cache with 1 steps
22-11-2021 13:39:04.661 [Gauge] [INFO] Gauge daemon initialized and listening on port: 64473
22-11-2021 13:39:24.595 [Gauge] [DEBUG] Api Request Received: messageType:GetStepValueRequest messageId:4 stepValueRequest:<stepText:"Navigate to <url>" > 
22-11-2021 13:39:24.595 [Gauge] [DEBUG] Sending API response: messageType:GetStepValueResponse messageId:4 stepValueResponse:<stepValue:<stepValue:"Navigate to {}" parameterizedStepValue:"Navigate to <url>" parameters:"url" > > 
22-11-2021 13:39:24.615 [Gauge] [DEBUG] Api Request Received: messageType:GetStepValueRequest messageId:4 stepValueRequest:<stepText:"<key> elementine hover olundu" > 
22-11-2021 13:39:24.616 [Gauge] [DEBUG] Sending API response: messageType:GetStepValueResponse messageId:4 stepValueResponse:<stepValue:<stepValue:"{} elementine hover olundu" parameterizedStepValue:"<key> elementine hover olundu" parameters:"key" > > 
22-11-2021 13:39:24.636 [Gauge] [DEBUG] Api Request Received: messageType:GetStepValueRequest messageId:4 stepValueRequest:<stepText:"<key> elemente t\304\261kland\304\261" > 
22-11-2021 13:39:24.636 [Gauge] [DEBUG] Sending API response: messageType:GetStepValueResponse messageId:4 stepValueResponse:<stepValue:<stepValue:"{} elemente t\304\261kland\304\261" parameterizedStepValue:"<key> elemente t\304\261kland\304\261" parameters:"key" > > 
22-11-2021 13:39:24.649 [Gauge] [DEBUG] Api Request Received: messageType:GetStepValueRequest messageId:4 stepValueRequest:<stepText:"URL'nin <key> i\303\247erdi\304\237i do\304\237ruland\304\261" > 
22-11-2021 13:39:24.654 [Gauge] [DEBUG] Sending API response: messageType:GetStepValueResponse messageId:4 stepValueResponse:<stepValue:<stepValue:"URL'nin {} i\303\247erdi\304\237i do\304\237ruland\304\261" parameterizedStepValue:"URL'nin <key> i\303\247erdi\304\237i do\304\237ruland\304\261" parameters:"key" > > 
22-11-2021 13:39:24.679 [Gauge] [DEBUG] Api Request Received: messageType:GetStepValueRequest messageId:4 stepValueRequest:<stepText:"\304\260ndirimden elde edilen kar hesapland\304\261" > 
22-11-2021 13:39:24.681 [Gauge] [DEBUG] Sending API response: messageType:GetStepValueResponse messageId:4 stepValueResponse:<stepValue:<stepValue:"\304\260ndirimden elde edilen kar hesapland\304\261" parameterizedStepValue:"\304\260ndirimden elde edilen kar hesapland\304\261" > > 
22-11-2021 13:39:24.745 [Gauge] [DEBUG] Api Request Received: messageType:GetStepValueRequest messageId:4 stepValueRequest:<stepText:"Navigate to \"https://www.beymen.com\"" > 
22-11-2021 13:39:24.745 [Gauge] [DEBUG] Sending API response: messageType:GetStepValueResponse messageId:4 stepValueResponse:<stepValue:<stepValue:"Navigate to {}" parameterizedStepValue:"Navigate to <https://www.beymen.com>" parameters:"https://www.beymen.com" > > 
22-11-2021 13:39:24.747 [Gauge] [DEBUG] Api Request Received: messageType:GetStepValueRequest messageId:4 stepValueRequest:<stepText:"\"KADIN\" elementine hover olundu" > 
22-11-2021 13:39:24.747 [Gauge] [DEBUG] Sending API response: messageType:GetStepValueResponse messageId:4 stepValueResponse:<stepValue:<stepValue:"{} elementine hover olundu" parameterizedStepValue:"<KADIN> elementine hover olundu" parameters:"KADIN" > > 
22-11-2021 13:39:24.749 [Gauge] [DEBUG] Api Request Received: messageType:GetStepValueRequest messageId:4 stepValueRequest:<stepText:"\"G\304\260Y\304\260M\" elemente t\304\261kland\304\261" > 
22-11-2021 13:39:24.749 [Gauge] [DEBUG] Sending API response: messageType:GetStepValueResponse messageId:4 stepValueResponse:<stepValue:<stepValue:"{} elemente t\304\261kland\304\261" parameterizedStepValue:"<G\304\260Y\304\260M> elemente t\304\261kland\304\261" parameters:"G\304\260Y\304\260M" > > 
22-11-2021 13:39:24.749 [Gauge] [DEBUG] Api Request Received: messageType:GetStepValueRequest messageId:4 stepValueRequest:<stepText:"URL'nin \"kadin-giyim\" i\303\247erdi\304\237i do\304\237ruland\304\261" > 
22-11-2021 13:39:24.749 [Gauge] [DEBUG] Sending API response: messageType:GetStepValueResponse messageId:4 stepValueResponse:<stepValue:<stepValue:"URL'nin {} i\303\247erdi\304\237i do\304\237ruland\304\261" parameterizedStepValue:"URL'nin <kadin-giyim> i\303\247erdi\304\237i do\304\237ruland\304\261" parameters:"kadin-giyim" > > 
