[INFO ] 2021-03-21 16:58:55.617 BasePage:64 - Ürün yazdırılıyor
[INFO ] 2021-03-21 16:58:55.618 BasePage:69 - ürün yazdırıldı
[INFO ] 2021-03-21 17:01:14.674 BasePage:64 - Ürün yazdırılıyor
[INFO ] 2021-03-21 17:01:14.675 BasePage:69 - ürün yazdırıldı
[INFO ] 2021-03-21 17:14:43.809 BasePage:105 - https://www.beymen.com: Adresine Gidildi.
[INFO ] 2021-03-21 17:14:44.046 BasePage:88 - Elemente Hover Olundu
[INFO ] 2021-03-21 17:14:44.058 BasePage:75 - Elemente Tıklandı
[INFO ] 2021-03-21 17:14:45.876 BasePage:82 - Elemente Tıklandı
[INFO ] 2021-03-21 17:14:46.171 BasePage:44 - URL Kontrol Edildi.
[INFO ] 2021-03-21 17:14:46.175 BasePage:75 - Elemente Tıklandı
[INFO ] 2021-03-21 17:14:46.571 BasePage:82 - Elemente Tıklandı
[INFO ] 2021-03-21 17:14:49.633 BasePage:119 - Elemanlar Listelendi
[INFO ] 2021-03-21 17:14:52.794 BasePage:119 - Elemanlar Listelendi
[INFO ] 2021-03-21 17:14:59.434 BasePage:65 - Ürün Yazdırılıyor
[INFO ] 2021-03-21 17:14:59.435 BasePage:70 - Ürün Yazdırıldı
[INFO ] 2021-03-21 23:45:42.837 BasePage:87 - https://www.beymen.com: Adresine Gidildi.
[INFO ] 2021-03-21 23:45:43.138 BasePage:81 - Elemente Hover Olundu
[INFO ] 2021-03-21 23:45:43.141 BasePage:68 - Elemente Tıklandı
[INFO ] 2021-03-21 23:45:45.323 BasePage:75 - Elemente Tıklandı
[INFO ] 2021-03-21 23:45:45.778 BasePage:37 - URL Kontrol Edildi.
[INFO ] 2021-03-21 23:45:45.782 BasePage:68 - Elemente Tıklandı
[INFO ] 2021-03-21 23:45:45.945 BasePage:75 - Elemente Tıklandı
[INFO ] 2021-03-21 23:45:48.987 BasePage:101 - Elemanlar Listelendi
[INFO ] 2021-03-21 23:45:52.121 BasePage:101 - Elemanlar Listelendi
[INFO ] 2021-03-21 23:45:59.000 BasePage:58 - Ürün Yazdırılıyor
[INFO ] 2021-03-21 23:45:59.001 BasePage:63 - Ürün Yazdırıldı
