[INFO ] 2021-03-22 13:24:41.153 BasePage:87 - https://www.beymen.com: Adresine Gidildi.
[INFO ] 2021-03-22 13:24:41.749 BasePage:81 - Elemente Hover Olundu
[INFO ] 2021-03-22 13:24:41.752 BasePage:68 - Elemente Tıklandı
[INFO ] 2021-03-22 13:24:43.360 BasePage:75 - Elemente Tıklandı
[INFO ] 2021-03-22 13:24:43.700 BasePage:37 - URL Kontrol Edildi.
[INFO ] 2021-03-22 13:24:43.704 BasePage:68 - Elemente Tıklandı
[INFO ] 2021-03-22 13:24:43.864 BasePage:75 - Elemente Tıklandı
[INFO ] 2021-03-22 13:24:46.941 BasePage:101 - Elemanlar Listelendi
[INFO ] 2021-03-22 13:24:50.079 BasePage:101 - Elemanlar Listelendi
[INFO ] 2021-03-22 13:25:34.201 BasePage:87 - https://www.beymen.com: Adresine Gidildi.
[INFO ] 2021-03-22 13:25:34.443 BasePage:81 - Elemente Hover Olundu
[INFO ] 2021-03-22 13:25:34.455 BasePage:68 - Elemente Tıklandı
[INFO ] 2021-03-22 13:25:36.545 BasePage:75 - Elemente Tıklandı
[INFO ] 2021-03-22 13:25:36.606 BasePage:37 - URL Kontrol Edildi.
[INFO ] 2021-03-22 13:25:37.114 BasePage:58 - Ürün Yazdırılıyor
[INFO ] 2021-03-22 13:25:37.115 BasePage:63 - Ürün Yazdırıldı
[INFO ] 2021-03-22 13:26:53.457 BasePage:87 - https://www.beymen.com: Adresine Gidildi.
[INFO ] 2021-03-22 13:26:53.677 BasePage:81 - Elemente Hover Olundu
[INFO ] 2021-03-22 13:26:53.681 BasePage:68 - Elemente Tıklandı
[INFO ] 2021-03-22 13:26:55.229 BasePage:75 - Elemente Tıklandı
[INFO ] 2021-03-22 13:26:55.371 BasePage:37 - URL Kontrol Edildi.
[INFO ] 2021-03-22 13:26:55.791 BasePage:58 - Ürün Yazdırılıyor
[INFO ] 2021-03-22 13:26:55.792 BasePage:63 - Ürün Yazdırıldı
[INFO ] 2021-03-22 13:30:20.338 BasePage:82 - https://www.beymen.com: Adresine Gidildi.
[INFO ] 2021-03-22 13:30:20.838 BasePage:76 - Elemente Hover Olundu
[INFO ] 2021-03-22 13:30:22.376 BasePage:70 - Elemente Tıklandı
[INFO ] 2021-03-22 13:30:22.457 BasePage:33 - URL Kontrol Edildi.
[INFO ] 2021-03-22 13:30:22.713 BasePage:54 - Ürün Yazdırılıyor
[INFO ] 2021-03-22 13:30:22.715 BasePage:59 - Ürün Yazdırıldı
[INFO ] 2021-03-22 13:32:03.674 BasePage:83 - https://www.beymen.com: Adresine Gidildi.
[INFO ] 2021-03-22 13:32:04.143 BasePage:77 - Elemente Hover Olundu
[INFO ] 2021-03-22 13:32:06.458 BasePage:71 - Elemente Tıklandı
[INFO ] 2021-03-22 13:32:06.541 BasePage:33 - URL Kontrol Edildi.
[INFO ] 2021-03-22 13:32:06.902 BasePage:39 - Fiyatlar Alınıyor
[INFO ] 2021-03-22 13:32:06.927 BasePage:55 - Kar Hesaplanıyor
[INFO ] 2021-03-22 13:32:06.929 BasePage:60 - İndirimden Elde Ettiğiniz Kar: 195.0 TL'dir
[INFO ] 2021-03-22 13:33:26.470 BasePage:83 - https://www.beymen.com: Adresine Gidildi.
[INFO ] 2021-03-22 13:33:26.711 BasePage:77 - Elemente Hover Olundu
[INFO ] 2021-03-22 13:33:28.451 BasePage:71 - Elemente Tıklandı
[INFO ] 2021-03-22 13:33:28.526 BasePage:33 - URL Kontrol Edildi.
[INFO ] 2021-03-22 13:33:28.839 BasePage:39 - Fiyatlar Alınıyor
[INFO ] 2021-03-22 13:33:28.859 BasePage:55 - Kar Hesaplanıyor
[INFO ] 2021-03-22 13:33:28.860 BasePage:60 - İndirimden Elde Ettiğiniz Kar: 195.0 TL'dir
[INFO ] 2021-03-22 15:10:05.231 BasePage:83 - https://www.beymen.com: Adresine Gidildi.
[INFO ] 2021-03-22 15:10:05.503 BasePage:77 - Elemente Hover Olundu
[INFO ] 2021-03-22 15:10:07.546 BasePage:71 - Elemente Tıklandı
[INFO ] 2021-03-22 15:10:07.934 BasePage:33 - URL Kontrol Edildi.
[INFO ] 2021-03-22 15:10:08.019 BasePage:39 - Fiyatlar Alınıyor
[INFO ] 2021-03-22 15:10:08.039 BasePage:55 - Kar Hesaplanıyor
[INFO ] 2021-03-22 15:10:08.040 BasePage:60 - İndirimden Elde Ettiğiniz Kar: 195.0 TL'dir
